<?xml version="1.0" encoding="UTF-8"?>
<!-- Generated by org.testng.reporters.JUnitReportReporter -->
<testsuite hostname="DESKTOP-KDI3GK4" failures="0" tests="1" name="TestCases.ListenerTestcase1" time="11.442" errors="0" timestamp="2023-08-03T06:44:13 BST" skipped="0">
  <testcase classname="TestCases.ListenerTestcase1" name="serchByCalls" time="11.442">
    <system-out>
      <![CDATA[Testcase started : serchByCalls
Testcase success : serchByCalls]]>
    </system-out>
  </testcase> <!-- serchByCalls -->
  <system-out>
    <![CDATA[Project started
Testcase started : serchByCalls
Testcase success : serchByCalls
Testcase started : createCustomer
Testcase success : createCustomer]]>
  </system-out>
</testsuite> <!-- TestCases.ListenerTestcase1 -->
