<?xml version="1.0" encoding="UTF-8"?>
<!-- Generated by org.testng.reporters.JUnitReportReporter -->
<testsuite hostname="DESKTOP-KDI3GK4" failures="0" tests="2" name="TestCases.Parameterization" time="67.129" errors="0" timestamp="2023-08-03T10:55:48 BST" skipped="0">
  <testcase classname="TestCases.Parameterization" name="m1" time="39.524"/>
  <testcase classname="TestCases.Parameterization" name="m1" time="27.605"/>
</testsuite> <!-- TestCases.Parameterization -->
