<?xml version="1.0" encoding="UTF-8"?>
<!-- Generated by org.testng.reporters.JUnitReportReporter -->
<testsuite hostname="DESKTOP-KDI3GK4" failures="0" tests="1" name="TestCases.ListenerTestcase2" time="23.448" errors="0" timestamp="2023-08-03T06:44:13 BST" skipped="0">
  <testcase classname="TestCases.ListenerTestcase2" name="createCustomer" time="23.448">
    <system-out>
      <![CDATA[Testcase started : createCustomer
Testcase success : createCustomer]]>
    </system-out>
  </testcase> <!-- createCustomer -->
  <system-out>
    <![CDATA[Project started
Testcase started : serchByCalls
Testcase success : serchByCalls
Testcase started : createCustomer
Testcase success : createCustomer]]>
  </system-out>
</testsuite> <!-- TestCases.ListenerTestcase2 -->
